Arguments: 
  C:\Program Files\nodejs\node.exe C:\Users\Afrang\AppData\Roaming\npm\node_modules\yarn\bin\yarn.js install

PATH: 
  C:\ProgramData\Oracle\Java\javapath;C:\Program Files\Common Files\Oracle\Java\javapath;C:\Program Files (x86)\VMware\VMware Workstation\bin\;C:\Program Files (x86)\Common Files\Intel\Shared Libraries\redist\intel64\compiler;C:\Windows\system32;C:\Windows;C:\Windows\System32\Wbem;C:\Windows\System32\WindowsPowerShell\v1.0\;C:\Windows\System32\OpenSSH\;C:\Program Files\nodejs\;C:\php;C:\Program Files (x86)\NVIDIA Corporation\PhysX\Common;C:\Program Files\NVIDIA Corporation\NVIDIA NvDLISR;C:\Program Files\Common Files\Autodesk Shared\;C:\Program Files\Microsoft SQL Server\120\Tools\Binn\;C:\Program Files\MongoDB\Server\5.0\bin;C:\Program Files\Git\cmd;C:\Program Files (x86)\Vim\vim82;C:\Program Files\dotnet\;C:\Program Files\Go\bin;J:\flutter_windows_2.10.4-stable\flutter\bin;C:\Users\Afrang\AppData\Local\Android\Sdk\platform-tools;C:\Program Files\Java\jdk-17.0.2\bin;C:\Users\Afrang\AppData\Local\Programs\Python\Python310\Scripts\;C:\Users\Afrang\AppData\Local\Programs\Python\Python310\;C:\Program Files\MySQL\MySQL Shell 8.0\bin\;C:\Users\Afrang\AppData\Local\Microsoft\WindowsApps;C:\Users\Afrang\AppData\Roaming\npm;C:\Program Files\mongosh\;C:\Users\Afrang\AppData\Local\Programs\Microsoft VS Code\bin;j:\Program Files\JetBrains\WebStorm 2022.1\bin;;C:\Users\Afrang\go\bin;D:\Program Files (x86)\Brackets\

Yarn version: 
  1.22.17

Node version: 
  16.13.0

Platform: 
  win32 x64

Trace: 
  Error: read ECONNRESET
      at TLSWrap.onStreamRead (node:internal/stream_base_commons:220:20)

npm manifest: 
  {
    "name": "coreexpress",
    "version": "0.0.0",
    "private": true,
    "scripts": {
      "start": "nodemon ./bin/www",
      "build": "node ./bin/www"
    },
    "dependencies": {
      "async": "^3.2.0",
      "bcrypt": "^5.0.1",
      "body-parser": "^1.18.3",
      "collect.js": "^4.31.3",
      "compression": "^1.7.4",
      "cookie-parser": "~1.4.4",
      "cors": "^2.8.5",
      "debug": "~2.6.9",
      "dotenv": "^10.0.0",
      "express": "~4.16.1",
      "express-fingerprint": "^1.2.2",
      "express-validator": "^6.12.0",
      "file-chunked": "^1.0.4",
      "geoip-lite": "^1.4.5",
      "http-errors": "~1.6.3",
      "jade": "~1.11.0",
      "jsonwebtoken": "^8.5.1",
      "merge-files": "^0.1.2",
      "mongoose": "^5.12.14",
      "mongoose-paginate-v2": "^1.3.18",
      "mongoose-unique-validator": "^2.0.3",
      "morgan": "~1.9.1",
      "move-file": "^3.0.0",
      "multer": "^1.4.2",
      "node-fetch": "^2.6.1",
      "node-video-resize": "^1.0.1",
      "nodemailer": "^6.7.2",
      "nuxt-animejs": "^1.2.4",
      "passport": "^0.4.1",
      "passport-bearer-strategy": "^1.0.1",
      "passport-http-bearer": "^1.0.1",
      "passport-jwt": "^4.0.0",
      "qrcode": "^1.5.0",
      "redis": "^3.1.2",
      "request": "^2.88.2",
      "rimraf": "^3.0.2",
      "sharp": "^0.28.3",
      "socket.io": "^4.1.2",
      "swagger-jsdoc": "^6.1.0",
      "swagger-routes-express": "^3.3.1",
      "swagger-ui-express": "^4.3.0",
      "yamljs": "^0.3.0"
    }
  }

yarn manifest: 
  No manifest

Lockfile: 
  No lockfile
